{"D:\\testing\\backend\\controllers\\auth.controller.js": {"path":"D:\\testing\\backend\\controllers\\auth.controller.js","statementMap":{"0":{"start":{"line":1,"column":15},"end":{"line":1,"column":34}},"1":{"start":{"line":2,"column":12},"end":{"line":2,"column":35}},"2":{"start":{"line":3,"column":13},"end":{"line":3,"column":44}},"3":{"start":{"line":6,"column":17},"end":{"line":39,"column":1}},"4":{"start":{"line":7,"column":2},"end":{"line":38,"column":3}},"5":{"start":{"line":8,"column":44},"end":{"line":8,"column":52}},"6":{"start":{"line":11,"column":25},"end":{"line":11,"column":54}},"7":{"start":{"line":12,"column":4},"end":{"line":14,"column":5}},"8":{"start":{"line":13,"column":6},"end":{"line":13,"column":73}},"9":{"start":{"line":17,"column":25},"end":{"line":17,"column":56}},"10":{"start":{"line":20,"column":17},"end":{"line":25,"column":6}},"11":{"start":{"line":27,"column":4},"end":{"line":35,"column":7}},"12":{"start":{"line":37,"column":4},"end":{"line":37,"column":51}},"13":{"start":{"line":42,"column":14},"end":{"line":78,"column":1}},"14":{"start":{"line":43,"column":2},"end":{"line":77,"column":3}},"15":{"start":{"line":44,"column":32},"end":{"line":44,"column":40}},"16":{"start":{"line":47,"column":17},"end":{"line":47,"column":46}},"17":{"start":{"line":48,"column":4},"end":{"line":50,"column":5}},"18":{"start":{"line":49,"column":6},"end":{"line":49,"column":74}},"19":{"start":{"line":53,"column":28},"end":{"line":53,"column":77}},"20":{"start":{"line":54,"column":4},"end":{"line":56,"column":5}},"21":{"start":{"line":55,"column":6},"end":{"line":55,"column":74}},"22":{"start":{"line":59,"column":18},"end":{"line":63,"column":5}},"23":{"start":{"line":65,"column":4},"end":{"line":74,"column":7}},"24":{"start":{"line":76,"column":4},"end":{"line":76,"column":51}},"25":{"start":{"line":81,"column":14},"end":{"line":93,"column":1}},"26":{"start":{"line":82,"column":2},"end":{"line":92,"column":3}},"27":{"start":{"line":83,"column":17},"end":{"line":83,"column":72}},"28":{"start":{"line":85,"column":4},"end":{"line":87,"column":5}},"29":{"start":{"line":86,"column":6},"end":{"line":86,"column":63}},"30":{"start":{"line":89,"column":4},"end":{"line":89,"column":23}},"31":{"start":{"line":91,"column":4},"end":{"line":91,"column":51}},"32":{"start":{"line":95,"column":0},"end":{"line":95,"column":44}}},"fnMap":{"0":{"name":"(anonymous_0)","decl":{"start":{"line":6,"column":17},"end":{"line":6,"column":18}},"loc":{"start":{"line":6,"column":37},"end":{"line":39,"column":1}},"line":6},"1":{"name":"(anonymous_1)","decl":{"start":{"line":42,"column":14},"end":{"line":42,"column":15}},"loc":{"start":{"line":42,"column":34},"end":{"line":78,"column":1}},"line":42},"2":{"name":"(anonymous_2)","decl":{"start":{"line":81,"column":14},"end":{"line":81,"column":15}},"loc":{"start":{"line":81,"column":34},"end":{"line":93,"column":1}},"line":81}},"branchMap":{"0":{"loc":{"start":{"line":12,"column":4},"end":{"line":14,"column":5}},"type":"if","locations":[{"start":{"line":12,"column":4},"end":{"line":14,"column":5}},{"start":{},"end":{}}],"line":12},"1":{"loc":{"start":{"line":24,"column":12},"end":{"line":24,"column":26}},"type":"binary-expr","locations":[{"start":{"line":24,"column":12},"end":{"line":24,"column":16}},{"start":{"line":24,"column":20},"end":{"line":24,"column":26}}],"line":24},"2":{"loc":{"start":{"line":48,"column":4},"end":{"line":50,"column":5}},"type":"if","locations":[{"start":{"line":48,"column":4},"end":{"line":50,"column":5}},{"start":{},"end":{}}],"line":48},"3":{"loc":{"start":{"line":54,"column":4},"end":{"line":56,"column":5}},"type":"if","locations":[{"start":{"line":54,"column":4},"end":{"line":56,"column":5}},{"start":{},"end":{}}],"line":54},"4":{"loc":{"start":{"line":85,"column":4},"end":{"line":87,"column":5}},"type":"if","locations":[{"start":{"line":85,"column":4},"end":{"line":87,"column":5}},{"start":{},"end":{}}],"line":85}},"s":{"0":3,"1":3,"2":3,"3":3,"4":4,"5":4,"6":4,"7":4,"8":0,"9":4,"10":4,"11":4,"12":0,"13":3,"14":4,"15":4,"16":4,"17":4,"18":1,"19":3,"20":3,"21":0,"22":3,"23":3,"24":0,"25":3,"26":1,"27":1,"28":1,"29":0,"30":1,"31":0,"32":3},"f":{"0":4,"1":4,"2":1},"b":{"0":[0,4],"1":[4,4],"2":[1,3],"3":[0,3],"4":[0,1]},"_coverageSchema":"1a1c01bbd47fc00a2c39e90264f33305004495a9","hash":"524d3a41f5c415d763e47e6f11266f4ef3471cf2"}
,"D:\\testing\\backend\\controllers\\enquiry.controller.js": {"path":"D:\\testing\\backend\\controllers\\enquiry.controller.js","statementMap":{"0":{"start":{"line":1,"column":16},"end":{"line":1,"column":50}},"1":{"start":{"line":4,"column":22},"end":{"line":23,"column":1}},"2":{"start":{"line":5,"column":2},"end":{"line":22,"column":3}},"3":{"start":{"line":6,"column":52},"end":{"line":6,"column":60}},"4":{"start":{"line":8,"column":20},"end":{"line":14,"column":6}},"5":{"start":{"line":16,"column":4},"end":{"line":19,"column":7}},"6":{"start":{"line":21,"column":4},"end":{"line":21,"column":51}},"7":{"start":{"line":26,"column":21},"end":{"line":74,"column":1}},"8":{"start":{"line":27,"column":2},"end":{"line":73,"column":3}},"9":{"start":{"line":28,"column":53},"end":{"line":28,"column":62}},"10":{"start":{"line":31,"column":19},"end":{"line":31,"column":39}},"11":{"start":{"line":35,"column":4},"end":{"line":37,"column":5}},"12":{"start":{"line":36,"column":6},"end":{"line":36,"column":36}},"13":{"start":{"line":39,"column":4},"end":{"line":41,"column":5}},"14":{"start":{"line":40,"column":6},"end":{"line":40,"column":29}},"15":{"start":{"line":43,"column":4},"end":{"line":49,"column":5}},"16":{"start":{"line":44,"column":6},"end":{"line":48,"column":8}},"17":{"start":{"line":52,"column":17},"end":{"line":52,"column":55}},"18":{"start":{"line":53,"column":18},"end":{"line":53,"column":54}},"19":{"start":{"line":55,"column":22},"end":{"line":60,"column":29}},"20":{"start":{"line":62,"column":4},"end":{"line":70,"column":7}},"21":{"start":{"line":72,"column":4},"end":{"line":72,"column":51}},"22":{"start":{"line":77,"column":23},"end":{"line":101,"column":1}},"23":{"start":{"line":78,"column":2},"end":{"line":100,"column":3}},"24":{"start":{"line":79,"column":20},"end":{"line":84,"column":42}},"25":{"start":{"line":86,"column":4},"end":{"line":88,"column":5}},"26":{"start":{"line":87,"column":6},"end":{"line":87,"column":66}},"27":{"start":{"line":93,"column":4},"end":{"line":95,"column":5}},"28":{"start":{"line":94,"column":6},"end":{"line":94,"column":85}},"29":{"start":{"line":97,"column":4},"end":{"line":97,"column":26}},"30":{"start":{"line":99,"column":4},"end":{"line":99,"column":51}},"31":{"start":{"line":104,"column":22},"end":{"line":138,"column":1}},"32":{"start":{"line":105,"column":2},"end":{"line":137,"column":3}},"33":{"start":{"line":106,"column":72},"end":{"line":106,"column":80}},"34":{"start":{"line":109,"column":20},"end":{"line":109,"column":83}},"35":{"start":{"line":111,"column":4},"end":{"line":113,"column":5}},"36":{"start":{"line":112,"column":6},"end":{"line":112,"column":66}},"37":{"start":{"line":118,"column":4},"end":{"line":120,"column":5}},"38":{"start":{"line":119,"column":6},"end":{"line":119,"column":85}},"39":{"start":{"line":123,"column":27},"end":{"line":129,"column":42}},"40":{"start":{"line":131,"column":4},"end":{"line":134,"column":7}},"41":{"start":{"line":136,"column":4},"end":{"line":136,"column":51}},"42":{"start":{"line":141,"column":22},"end":{"line":164,"column":1}},"43":{"start":{"line":142,"column":2},"end":{"line":163,"column":3}},"44":{"start":{"line":144,"column":20},"end":{"line":144,"column":83}},"45":{"start":{"line":146,"column":4},"end":{"line":148,"column":5}},"46":{"start":{"line":147,"column":6},"end":{"line":147,"column":66}},"47":{"start":{"line":153,"column":4},"end":{"line":155,"column":5}},"48":{"start":{"line":154,"column":6},"end":{"line":154,"column":87}},"49":{"start":{"line":158,"column":4},"end":{"line":158,"column":72}},"50":{"start":{"line":160,"column":4},"end":{"line":160,"column":58}},"51":{"start":{"line":162,"column":4},"end":{"line":162,"column":51}},"52":{"start":{"line":166,"column":0},"end":{"line":172,"column":2}}},"fnMap":{"0":{"name":"(anonymous_0)","decl":{"start":{"line":4,"column":22},"end":{"line":4,"column":23}},"loc":{"start":{"line":4,"column":42},"end":{"line":23,"column":1}},"line":4},"1":{"name":"(anonymous_1)","decl":{"start":{"line":26,"column":21},"end":{"line":26,"column":22}},"loc":{"start":{"line":26,"column":41},"end":{"line":74,"column":1}},"line":26},"2":{"name":"(anonymous_2)","decl":{"start":{"line":77,"column":23},"end":{"line":77,"column":24}},"loc":{"start":{"line":77,"column":43},"end":{"line":101,"column":1}},"line":77},"3":{"name":"(anonymous_3)","decl":{"start":{"line":104,"column":22},"end":{"line":104,"column":23}},"loc":{"start":{"line":104,"column":42},"end":{"line":138,"column":1}},"line":104},"4":{"name":"(anonymous_4)","decl":{"start":{"line":141,"column":22},"end":{"line":141,"column":23}},"loc":{"start":{"line":141,"column":42},"end":{"line":164,"column":1}},"line":141}},"branchMap":{"0":{"loc":{"start":{"line":28,"column":28},"end":{"line":28,"column":36}},"type":"default-arg","locations":[{"start":{"line":28,"column":35},"end":{"line":28,"column":36}}],"line":28},"1":{"loc":{"start":{"line":28,"column":38},"end":{"line":28,"column":48}},"type":"default-arg","locations":[{"start":{"line":28,"column":46},"end":{"line":28,"column":48}}],"line":28},"2":{"loc":{"start":{"line":35,"column":4},"end":{"line":37,"column":5}},"type":"if","locations":[{"start":{"line":35,"column":4},"end":{"line":37,"column":5}},{"start":{},"end":{}}],"line":35},"3":{"loc":{"start":{"line":39,"column":4},"end":{"line":41,"column":5}},"type":"if","locations":[{"start":{"line":39,"column":4},"end":{"line":41,"column":5}},{"start":{},"end":{}}],"line":39},"4":{"loc":{"start":{"line":43,"column":4},"end":{"line":49,"column":5}},"type":"if","locations":[{"start":{"line":43,"column":4},"end":{"line":49,"column":5}},{"start":{},"end":{}}],"line":43},"5":{"loc":{"start":{"line":86,"column":4},"end":{"line":88,"column":5}},"type":"if","locations":[{"start":{"line":86,"column":4},"end":{"line":88,"column":5}},{"start":{},"end":{}}],"line":86},"6":{"loc":{"start":{"line":93,"column":4},"end":{"line":95,"column":5}},"type":"if","locations":[{"start":{"line":93,"column":4},"end":{"line":95,"column":5}},{"start":{},"end":{}}],"line":93},"7":{"loc":{"start":{"line":93,"column":8},"end":{"line":93,"column":82}},"type":"binary-expr","locations":[{"start":{"line":93,"column":8},"end":{"line":93,"column":31}},{"start":{"line":93,"column":35},"end":{"line":93,"column":82}}],"line":93},"8":{"loc":{"start":{"line":111,"column":4},"end":{"line":113,"column":5}},"type":"if","locations":[{"start":{"line":111,"column":4},"end":{"line":113,"column":5}},{"start":{},"end":{}}],"line":111},"9":{"loc":{"start":{"line":118,"column":4},"end":{"line":120,"column":5}},"type":"if","locations":[{"start":{"line":118,"column":4},"end":{"line":120,"column":5}},{"start":{},"end":{}}],"line":118},"10":{"loc":{"start":{"line":118,"column":8},"end":{"line":118,"column":78}},"type":"binary-expr","locations":[{"start":{"line":118,"column":8},"end":{"line":118,"column":31}},{"start":{"line":118,"column":35},"end":{"line":118,"column":78}}],"line":118},"11":{"loc":{"start":{"line":146,"column":4},"end":{"line":148,"column":5}},"type":"if","locations":[{"start":{"line":146,"column":4},"end":{"line":148,"column":5}},{"start":{},"end":{}}],"line":146},"12":{"loc":{"start":{"line":153,"column":4},"end":{"line":155,"column":5}},"type":"if","locations":[{"start":{"line":153,"column":4},"end":{"line":155,"column":5}},{"start":{},"end":{}}],"line":153},"13":{"loc":{"start":{"line":153,"column":8},"end":{"line":153,"column":78}},"type":"binary-expr","locations":[{"start":{"line":153,"column":8},"end":{"line":153,"column":31}},{"start":{"line":153,"column":35},"end":{"line":153,"column":78}}],"line":153}},"s":{"0":3,"1":3,"2":3,"3":3,"4":3,"5":3,"6":0,"7":3,"8":3,"9":3,"10":3,"11":3,"12":3,"13":3,"14":1,"15":3,"16":1,"17":3,"18":3,"19":3,"20":3,"21":0,"22":3,"23":0,"24":0,"25":0,"26":0,"27":0,"28":0,"29":0,"30":0,"31":3,"32":1,"33":1,"34":1,"35":1,"36":0,"37":1,"38":0,"39":1,"40":1,"41":0,"42":3,"43":1,"44":1,"45":1,"46":0,"47":1,"48":0,"49":1,"50":1,"51":0,"52":3},"f":{"0":3,"1":3,"2":0,"3":1,"4":1},"b":{"0":[3],"1":[3],"2":[3,0],"3":[1,2],"4":[1,2],"5":[0,0],"6":[0,0],"7":[0,0],"8":[0,1],"9":[0,1],"10":[1,1],"11":[0,1],"12":[0,1],"13":[1,1]},"_coverageSchema":"1a1c01bbd47fc00a2c39e90264f33305004495a9","hash":"1ab3b2171d8778bd6a88adba5a308ba4395102b2"}
,"D:\\testing\\backend\\controllers\\user.controller.js": {"path":"D:\\testing\\backend\\controllers\\user.controller.js","statementMap":{"0":{"start":{"line":1,"column":15},"end":{"line":1,"column":34}},"1":{"start":{"line":2,"column":13},"end":{"line":2,"column":44}},"2":{"start":{"line":5,"column":17},"end":{"line":12,"column":1}},"3":{"start":{"line":6,"column":2},"end":{"line":11,"column":3}},"4":{"start":{"line":7,"column":18},"end":{"line":7,"column":59}},"5":{"start":{"line":8,"column":4},"end":{"line":8,"column":24}},"6":{"start":{"line":10,"column":4},"end":{"line":10,"column":51}},"7":{"start":{"line":15,"column":19},"end":{"line":48,"column":1}},"8":{"start":{"line":16,"column":2},"end":{"line":47,"column":3}},"9":{"start":{"line":17,"column":44},"end":{"line":17,"column":52}},"10":{"start":{"line":20,"column":25},"end":{"line":20,"column":54}},"11":{"start":{"line":21,"column":4},"end":{"line":23,"column":5}},"12":{"start":{"line":22,"column":6},"end":{"line":22,"column":73}},"13":{"start":{"line":26,"column":25},"end":{"line":26,"column":56}},"14":{"start":{"line":29,"column":17},"end":{"line":34,"column":6}},"15":{"start":{"line":36,"column":4},"end":{"line":44,"column":7}},"16":{"start":{"line":46,"column":4},"end":{"line":46,"column":51}},"17":{"start":{"line":51,"column":19},"end":{"line":78,"column":1}},"18":{"start":{"line":52,"column":2},"end":{"line":77,"column":3}},"19":{"start":{"line":53,"column":44},"end":{"line":53,"column":52}},"20":{"start":{"line":54,"column":23},"end":{"line":54,"column":44}},"21":{"start":{"line":57,"column":4},"end":{"line":59,"column":5}},"22":{"start":{"line":58,"column":6},"end":{"line":58,"column":64}},"23":{"start":{"line":61,"column":17},"end":{"line":65,"column":29}},"24":{"start":{"line":67,"column":4},"end":{"line":69,"column":5}},"25":{"start":{"line":68,"column":6},"end":{"line":68,"column":63}},"26":{"start":{"line":71,"column":4},"end":{"line":74,"column":7}},"27":{"start":{"line":76,"column":4},"end":{"line":76,"column":51}},"28":{"start":{"line":81,"column":19},"end":{"line":93,"column":1}},"29":{"start":{"line":82,"column":2},"end":{"line":92,"column":3}},"30":{"start":{"line":83,"column":17},"end":{"line":83,"column":60}},"31":{"start":{"line":85,"column":4},"end":{"line":87,"column":5}},"32":{"start":{"line":86,"column":6},"end":{"line":86,"column":63}},"33":{"start":{"line":89,"column":4},"end":{"line":89,"column":55}},"34":{"start":{"line":91,"column":4},"end":{"line":91,"column":51}},"35":{"start":{"line":95,"column":0},"end":{"line":100,"column":2}}},"fnMap":{"0":{"name":"(anonymous_0)","decl":{"start":{"line":5,"column":17},"end":{"line":5,"column":18}},"loc":{"start":{"line":5,"column":37},"end":{"line":12,"column":1}},"line":5},"1":{"name":"(anonymous_1)","decl":{"start":{"line":15,"column":19},"end":{"line":15,"column":20}},"loc":{"start":{"line":15,"column":39},"end":{"line":48,"column":1}},"line":15},"2":{"name":"(anonymous_2)","decl":{"start":{"line":51,"column":19},"end":{"line":51,"column":20}},"loc":{"start":{"line":51,"column":39},"end":{"line":78,"column":1}},"line":51},"3":{"name":"(anonymous_3)","decl":{"start":{"line":81,"column":19},"end":{"line":81,"column":20}},"loc":{"start":{"line":81,"column":39},"end":{"line":93,"column":1}},"line":81}},"branchMap":{"0":{"loc":{"start":{"line":21,"column":4},"end":{"line":23,"column":5}},"type":"if","locations":[{"start":{"line":21,"column":4},"end":{"line":23,"column":5}},{"start":{},"end":{}}],"line":21},"1":{"loc":{"start":{"line":33,"column":12},"end":{"line":33,"column":26}},"type":"binary-expr","locations":[{"start":{"line":33,"column":12},"end":{"line":33,"column":16}},{"start":{"line":33,"column":20},"end":{"line":33,"column":26}}],"line":33},"2":{"loc":{"start":{"line":57,"column":4},"end":{"line":59,"column":5}},"type":"if","locations":[{"start":{"line":57,"column":4},"end":{"line":59,"column":5}},{"start":{},"end":{}}],"line":57},"3":{"loc":{"start":{"line":67,"column":4},"end":{"line":69,"column":5}},"type":"if","locations":[{"start":{"line":67,"column":4},"end":{"line":69,"column":5}},{"start":{},"end":{}}],"line":67},"4":{"loc":{"start":{"line":85,"column":4},"end":{"line":87,"column":5}},"type":"if","locations":[{"start":{"line":85,"column":4},"end":{"line":87,"column":5}},{"start":{},"end":{}}],"line":85}},"s":{"0":3,"1":3,"2":3,"3":0,"4":0,"5":0,"6":0,"7":3,"8":0,"9":0,"10":0,"11":0,"12":0,"13":0,"14":0,"15":0,"16":0,"17":3,"18":0,"19":0,"20":0,"21":0,"22":0,"23":0,"24":0,"25":0,"26":0,"27":0,"28":3,"29":0,"30":0,"31":0,"32":0,"33":0,"34":0,"35":3},"f":{"0":0,"1":0,"2":0,"3":0},"b":{"0":[0,0],"1":[0,0],"2":[0,0],"3":[0,0],"4":[0,0]},"_coverageSchema":"1a1c01bbd47fc00a2c39e90264f33305004495a9","hash":"e2fcbc0aa06fb65ca2b3f065830cf2cb86e49fbc"}
,"D:\\testing\\backend\\middlewares\\auth.middleware.js": {"path":"D:\\testing\\backend\\middlewares\\auth.middleware.js","statementMap":{"0":{"start":{"line":1,"column":12},"end":{"line":1,"column":35}},"1":{"start":{"line":4,"column":21},"end":{"line":19,"column":1}},"2":{"start":{"line":5,"column":2},"end":{"line":18,"column":3}},"3":{"start":{"line":6,"column":18},"end":{"line":6,"column":58}},"4":{"start":{"line":8,"column":4},"end":{"line":10,"column":5}},"5":{"start":{"line":9,"column":6},"end":{"line":9,"column":66}},"6":{"start":{"line":12,"column":20},"end":{"line":12,"column":61}},"7":{"start":{"line":13,"column":4},"end":{"line":13,"column":32}},"8":{"start":{"line":14,"column":4},"end":{"line":14,"column":32}},"9":{"start":{"line":15,"column":4},"end":{"line":15,"column":11}},"10":{"start":{"line":17,"column":4},"end":{"line":17,"column":64}},"11":{"start":{"line":22,"column":18},"end":{"line":29,"column":1}},"12":{"start":{"line":23,"column":2},"end":{"line":28,"column":4}},"13":{"start":{"line":24,"column":4},"end":{"line":26,"column":5}},"14":{"start":{"line":25,"column":6},"end":{"line":25,"column":62}},"15":{"start":{"line":27,"column":4},"end":{"line":27,"column":11}},"16":{"start":{"line":31,"column":0},"end":{"line":31,"column":45}}},"fnMap":{"0":{"name":"(anonymous_0)","decl":{"start":{"line":4,"column":21},"end":{"line":4,"column":22}},"loc":{"start":{"line":4,"column":41},"end":{"line":19,"column":1}},"line":4},"1":{"name":"(anonymous_1)","decl":{"start":{"line":22,"column":18},"end":{"line":22,"column":19}},"loc":{"start":{"line":22,"column":39},"end":{"line":29,"column":1}},"line":22},"2":{"name":"(anonymous_2)","decl":{"start":{"line":23,"column":9},"end":{"line":23,"column":10}},"loc":{"start":{"line":23,"column":29},"end":{"line":28,"column":3}},"line":23}},"branchMap":{"0":{"loc":{"start":{"line":8,"column":4},"end":{"line":10,"column":5}},"type":"if","locations":[{"start":{"line":8,"column":4},"end":{"line":10,"column":5}},{"start":{},"end":{}}],"line":8},"1":{"loc":{"start":{"line":24,"column":4},"end":{"line":26,"column":5}},"type":"if","locations":[{"start":{"line":24,"column":4},"end":{"line":26,"column":5}},{"start":{},"end":{}}],"line":24}},"s":{"0":3,"1":3,"2":12,"3":12,"4":12,"5":2,"6":10,"7":10,"8":10,"9":10,"10":0,"11":3,"12":3,"13":0,"14":0,"15":0,"16":3},"f":{"0":12,"1":3,"2":0},"b":{"0":[2,10],"1":[0,0]},"_coverageSchema":"1a1c01bbd47fc00a2c39e90264f33305004495a9","hash":"ae6404de1a1245cbacd0e312bf35fcc01a513a2f"}
,"D:\\testing\\backend\\models\\Enquiry.model.js": {"path":"D:\\testing\\backend\\models\\Enquiry.model.js","statementMap":{"0":{"start":{"line":1,"column":17},"end":{"line":1,"column":36}},"1":{"start":{"line":3,"column":22},"end":{"line":41,"column":2}},"2":{"start":{"line":44,"column":0},"end":{"line":44,"column":49}},"3":{"start":{"line":45,"column":0},"end":{"line":45,"column":52}},"4":{"start":{"line":46,"column":0},"end":{"line":46,"column":39}},"5":{"start":{"line":47,"column":0},"end":{"line":47,"column":39}},"6":{"start":{"line":48,"column":0},"end":{"line":48,"column":76}},"7":{"start":{"line":50,"column":0},"end":{"line":50,"column":58}}},"fnMap":{},"branchMap":{},"s":{"0":3,"1":3,"2":3,"3":3,"4":3,"5":3,"6":3,"7":3},"f":{},"b":{},"_coverageSchema":"1a1c01bbd47fc00a2c39e90264f33305004495a9","hash":"1254665b904c82dfc7a0d0177ccab5b08a1f37fa"}
,"D:\\testing\\backend\\models\\User.model.js": {"path":"D:\\testing\\backend\\models\\User.model.js","statementMap":{"0":{"start":{"line":1,"column":17},"end":{"line":1,"column":36}},"1":{"start":{"line":3,"column":19},"end":{"line":25,"column":2}},"2":{"start":{"line":29,"column":0},"end":{"line":29,"column":30}},"3":{"start":{"line":31,"column":0},"end":{"line":31,"column":52}}},"fnMap":{},"branchMap":{},"s":{"0":3,"1":3,"2":3,"3":3},"f":{},"b":{},"_coverageSchema":"1a1c01bbd47fc00a2c39e90264f33305004495a9","hash":"8159798aef35d3de2155cc328ca79a809556e7ce"}
}
