TN:
SF:controllers\auth.controller.js
FN:6,(anonymous_0)
FN:42,(anonymous_1)
FN:81,(anonymous_2)
FNF:3
FNH:3
FNDA:4,(anonymous_0)
FNDA:4,(anonymous_1)
FNDA:1,(anonymous_2)
DA:1,3
DA:2,3
DA:3,3
DA:6,3
DA:7,4
DA:8,4
DA:11,4
DA:12,4
DA:13,0
DA:17,4
DA:20,4
DA:27,4
DA:37,0
DA:42,3
DA:43,4
DA:44,4
DA:47,4
DA:48,4
DA:49,1
DA:53,3
DA:54,3
DA:55,0
DA:59,3
DA:65,3
DA:76,0
DA:81,3
DA:82,1
DA:83,1
DA:85,1
DA:86,0
DA:89,1
DA:91,0
DA:95,3
LF:33
LH:27
BRDA:12,0,0,0
BRDA:12,0,1,4
BRDA:24,1,0,4
BRDA:24,1,1,4
BRDA:48,2,0,1
BRDA:48,2,1,3
BRDA:54,3,0,0
BRDA:54,3,1,3
BRDA:85,4,0,0
BRDA:85,4,1,1
BRF:10
BRH:7
end_of_record
TN:
SF:controllers\enquiry.controller.js
FN:4,(anonymous_0)
FN:26,(anonymous_1)
FN:77,(anonymous_2)
FN:104,(anonymous_3)
FN:141,(anonymous_4)
FNF:5
FNH:4
FNDA:3,(anonymous_0)
FNDA:3,(anonymous_1)
FNDA:0,(anonymous_2)
FNDA:1,(anonymous_3)
FNDA:1,(anonymous_4)
DA:1,3
DA:4,3
DA:5,3
DA:6,3
DA:8,3
DA:16,3
DA:21,0
DA:26,3
DA:27,3
DA:28,3
DA:31,3
DA:35,3
DA:36,3
DA:39,3
DA:40,1
DA:43,3
DA:44,1
DA:52,3
DA:53,3
DA:55,3
DA:62,3
DA:72,0
DA:77,3
DA:78,0
DA:79,0
DA:86,0
DA:87,0
DA:93,0
DA:94,0
DA:97,0
DA:99,0
DA:104,3
DA:105,1
DA:106,1
DA:109,1
DA:111,1
DA:112,0
DA:118,1
DA:119,0
DA:123,1
DA:131,1
DA:136,0
DA:141,3
DA:142,1
DA:144,1
DA:146,1
DA:147,0
DA:153,1
DA:154,0
DA:158,1
DA:160,1
DA:162,0
DA:166,3
LF:53
LH:37
BRDA:28,0,0,3
BRDA:28,1,0,3
BRDA:35,2,0,3
BRDA:35,2,1,0
BRDA:39,3,0,1
BRDA:39,3,1,2
BRDA:43,4,0,1
BRDA:43,4,1,2
BRDA:86,5,0,0
BRDA:86,5,1,0
BRDA:93,6,0,0
BRDA:93,6,1,0
BRDA:93,7,0,0
BRDA:93,7,1,0
BRDA:111,8,0,0
BRDA:111,8,1,1
BRDA:118,9,0,0
BRDA:118,9,1,1
BRDA:118,10,0,1
BRDA:118,10,1,1
BRDA:146,11,0,0
BRDA:146,11,1,1
BRDA:153,12,0,0
BRDA:153,12,1,1
BRDA:153,13,0,1
BRDA:153,13,1,1
BRF:26
BRH:15
end_of_record
TN:
SF:controllers\user.controller.js
FN:5,(anonymous_0)
FN:15,(anonymous_1)
FN:51,(anonymous_2)
FN:81,(anonymous_3)
FNF:4
FNH:0
FNDA:0,(anonymous_0)
FNDA:0,(anonymous_1)
FNDA:0,(anonymous_2)
FNDA:0,(anonymous_3)
DA:1,3
DA:2,3
DA:5,3
DA:6,0
DA:7,0
DA:8,0
DA:10,0
DA:15,3
DA:16,0
DA:17,0
DA:20,0
DA:21,0
DA:22,0
DA:26,0
DA:29,0
DA:36,0
DA:46,0
DA:51,3
DA:52,0
DA:53,0
DA:54,0
DA:57,0
DA:58,0
DA:61,0
DA:67,0
DA:68,0
DA:71,0
DA:76,0
DA:81,3
DA:82,0
DA:83,0
DA:85,0
DA:86,0
DA:89,0
DA:91,0
DA:95,3
LF:36
LH:7
BRDA:21,0,0,0
BRDA:21,0,1,0
BRDA:33,1,0,0
BRDA:33,1,1,0
BRDA:57,2,0,0
BRDA:57,2,1,0
BRDA:67,3,0,0
BRDA:67,3,1,0
BRDA:85,4,0,0
BRDA:85,4,1,0
BRF:10
BRH:0
end_of_record
TN:
SF:middlewares\auth.middleware.js
FN:4,(anonymous_0)
FN:22,(anonymous_1)
FN:23,(anonymous_2)
FNF:3
FNH:2
FNDA:12,(anonymous_0)
FNDA:3,(anonymous_1)
FNDA:0,(anonymous_2)
DA:1,3
DA:4,3
DA:5,12
DA:6,12
DA:8,12
DA:9,2
DA:12,10
DA:13,10
DA:14,10
DA:15,10
DA:17,0
DA:22,3
DA:23,3
DA:24,0
DA:25,0
DA:27,0
DA:31,3
LF:17
LH:13
BRDA:8,0,0,2
BRDA:8,0,1,10
BRDA:24,1,0,0
BRDA:24,1,1,0
BRF:4
BRH:2
end_of_record
TN:
SF:models\Enquiry.model.js
FNF:0
FNH:0
DA:1,3
DA:3,3
DA:44,3
DA:45,3
DA:46,3
DA:47,3
DA:48,3
DA:50,3
LF:8
LH:8
BRF:0
BRH:0
end_of_record
TN:
SF:models\User.model.js
FNF:0
FNH:0
DA:1,3
DA:3,3
DA:29,3
DA:31,3
LF:4
LH:4
BRF:0
BRH:0
end_of_record
